CParser.y:267.11-20: error: symbol AND_ASSIGN is used, but is not defined as a token and has no rules
CParser.y:268.11-29: error: symbol EXCLUSIVE_OR_ASSIGN is used, but is not defined as a token and has no rules
CParser.y:269.11-29: error: symbol INCLUSIVE_OR_ASSIGN is used, but is not defined as a token and has no rules
CParser.y:262.11-20: error: symbol MOD_ASSIGN is used, but is not defined as a token and has no rules
CParser.y:265.11-27: error: symbol SHIFT_LEFT_ASSIGN is used, but is not defined as a token and has no rules
CParser.y:266.11-28: error: symbol SHIFT_RIGHT_ASSIGN is used, but is not defined as a token and has no rules
CParser.y:135.11-29: error: symbol additive-expression is used, but is not defined as a token and has no rules
CParser.y:277.11-32: error: symbol conditional_expression is used, but is not defined as a token and has no rules
CParser.y:465.11-12: error: symbol do is used, but is not defined as a token and has no rules
CParser.y:462.21-29: error: symbol epression is used, but is not defined as a token and has no rules
CParser.y:420.11-23: error: symbol for_statement is used, but is not defined as a token and has no rules
CParser.y:347.11-20: error: symbol identifier is used, but is not defined as a token and has no rules
CParser.y:415.11-27: error: symbol labeled_statement is used, but is not defined as a token and has no rules
CParser.y:465.24-28: error: symbol while is used, but is not defined as a token and has no rules
CParser.y:63.37-38: error: $2 of 'primary_expression' has no declared type
CParser.y:69.17-18: error: $$ of 'postfix_expression' has no declared type
CParser.y:69.43-44: error: $1 of 'postfix_expression' has no declared type
CParser.y:69.47-48: error: $2 of 'postfix_expression' has no declared type
CParser.y:72.17-18: error: $$ of 'postfix_expression' has no declared type
CParser.y:72.39-40: error: $1 of 'postfix_expression' has no declared type
CParser.y:72.43-44: error: $3 of 'postfix_expression' has no declared type
CParser.y:75.17-18: error: $$ of 'postfix_expression' has no declared type
CParser.y:75.43-44: error: $1 of 'postfix_expression' has no declared type
CParser.y:75.51-52: error: $2 of 'postfix_expression' has no declared type
CParser.y:78.17-18: error: $$ of 'postfix_expression' has no declared type
CParser.y:78.43-44: error: $1 of 'postfix_expression' has no declared type
CParser.y:78.51-52: error: $2 of 'postfix_expression' has no declared type
CParser.y:81.17-18: error: $$ of 'postfix_expression' has no declared type
CParser.y:81.42-43: error: $1 of 'postfix_expression' has no declared type
CParser.y:84.17-18: error: $$ of 'postfix_expression' has no declared type
CParser.y:84.42-43: error: $1 of 'postfix_expression' has no declared type
CParser.y:90.17-18: error: $$ of 'argument_expression_list' has no declared type
CParser.y:91.17-18: error: $$ of 'argument_expression_list' has no declared type
CParser.y:91.30-31: error: $1 of 'argument_expression_list' has no declared type
CParser.y:94.17-18: error: $$ of 'argument_expression_list' has no declared type
CParser.y:94.30-31: error: $3 of 'argument_expression_list' has no declared type
CParser.y:101.17-18: error: $$ of 'unary_expression' has no declared type
CParser.y:101.42-43: error: $1 of 'unary_expression' has no declared type
CParser.y:104.17-18: error: $$ of 'unary_expression' has no declared type
CParser.y:104.42-43: error: $1 of 'unary_expression' has no declared type
CParser.y:107.17-18: error: $$ of 'unary_expression' has no declared type
CParser.y:107.42-43: error: $2 of 'unary_expression' has no declared type
CParser.y:107.46-47: error: $1 of 'unary_expression' has no declared type
CParser.y:123.17-18: error: $$ of 'multiplicative_expression' has no declared type
CParser.y:123.43-44: error: $1 of 'multiplicative_expression' has no declared type
CParser.y:123.47-48: error: $3 of 'multiplicative_expression' has no declared type
CParser.y:126.17-18: error: $$ of 'multiplicative_expression' has no declared type
CParser.y:126.43-44: error: $1 of 'multiplicative_expression' has no declared type
CParser.y:126.47-48: error: $3 of 'multiplicative_expression' has no declared type
CParser.y:129.17-18: error: $$ of 'multiplicative_expression' has no declared type
CParser.y:129.43-44: error: $1 of 'multiplicative_expression' has no declared type
CParser.y:129.47-48: error: $3 of 'multiplicative_expression' has no declared type
CParser.y:136.17-18: error: $$ of 'additive_expression' has no declared type
CParser.y:136.43-44: error: $1 of 'additive_expression' has no declared type
CParser.y:136.47-48: error: $3 of 'additive_expression' has no declared type
CParser.y:139.17-18: error: $$ of 'additive_expression' has no declared type
CParser.y:139.43-44: error: $1 of 'additive_expression' has no declared type
CParser.y:139.47-48: error: $3 of 'additive_expression' has no declared type
CParser.y:146.17-18: error: $$ of 'shift_expression' has no declared type
CParser.y:146.43-44: error: $1 of 'shift_expression' has no declared type
CParser.y:146.47-48: error: $3 of 'shift_expression' has no declared type
CParser.y:149.17-18: error: $$ of 'shift_expression' has no declared type
CParser.y:149.43-44: error: $1 of 'shift_expression' has no declared type
CParser.y:149.47-48: error: $3 of 'shift_expression' has no declared type
CParser.y:156.17-18: error: $$ of 'relational_expression' has no declared type
CParser.y:156.43-44: error: $1 of 'relational_expression' has no declared type
CParser.y:156.47-48: error: $3 of 'relational_expression' has no declared type
CParser.y:156.51-52: error: $2 of 'relational_expression' has no declared type
CParser.y:159.17-18: error: $$ of 'relational_expression' has no declared type
CParser.y:159.43-44: error: $1 of 'relational_expression' has no declared type
CParser.y:159.47-48: error: $3 of 'relational_expression' has no declared type
CParser.y:159.51-52: error: $2 of 'relational_expression' has no declared type
CParser.y:162.17-18: error: $$ of 'relational_expression' has no declared type
CParser.y:162.43-44: error: $1 of 'relational_expression' has no declared type
CParser.y:162.47-48: error: $3 of 'relational_expression' has no declared type
CParser.y:165.17-18: error: $$ of 'relational_expression' has no declared type
CParser.y:165.43-44: error: $1 of 'relational_expression' has no declared type
CParser.y:165.47-48: error: $3 of 'relational_expression' has no declared type
CParser.y:172.17-18: error: $$ of 'equality_expression' has no declared type
CParser.y:172.43-44: error: $1 of 'equality_expression' has no declared type
CParser.y:172.47-48: error: $3 of 'equality_expression' has no declared type
CParser.y:175.17-18: error: $$ of 'equality_expression' has no declared type
CParser.y:175.43-44: error: $1 of 'equality_expression' has no declared type
CParser.y:175.47-48: error: $3 of 'equality_expression' has no declared type
CParser.y:182.17-18: error: $$ of 'AND_expression' has no declared type
CParser.y:182.43-44: error: $1 of 'AND_expression' has no declared type
CParser.y:182.47-48: error: $3 of 'AND_expression' has no declared type
CParser.y:182.51-52: error: $2 of 'AND_expression' has no declared type
CParser.y:189.17-18: error: $$ of 'exclusive_OR_expression' has no declared type
CParser.y:189.43-44: error: $1 of 'exclusive_OR_expression' has no declared type
CParser.y:189.47-48: error: $3 of 'exclusive_OR_expression' has no declared type
CParser.y:189.51-52: error: $2 of 'exclusive_OR_expression' has no declared type
CParser.y:196.17-18: error: $$ of 'inclusive_OR_expression' has no declared type
CParser.y:196.43-44: error: $1 of 'inclusive_OR_expression' has no declared type
CParser.y:196.47-48: error: $3 of 'inclusive_OR_expression' has no declared type
CParser.y:196.51-52: error: $2 of 'inclusive_OR_expression' has no declared type
CParser.y:203.17-18: error: $$ of 'logical_AND_expression' has no declared type
CParser.y:203.43-44: error: $1 of 'logical_AND_expression' has no declared type
CParser.y:203.47-48: error: $3 of 'logical_AND_expression' has no declared type
CParser.y:210.17-18: error: $$ of 'logical_OR_expression' has no declared type
CParser.y:210.43-44: error: $1 of 'logical_OR_expression' has no declared type
CParser.y:210.47-48: error: $3 of 'logical_OR_expression' has no declared type
CParser.y:217.24-25: error: $2 of 'assignment_expression' has no declared type
CParser.y:220.33-34: error: $$ of 'assignment_expression' has no declared type
CParser.y:220.63-64: error: $1 of 'assignment_expression' has no declared type
CParser.y:220.67-68: error: $3 of 'assignment_expression' has no declared type
CParser.y:223.33-34: error: $$ of 'assignment_expression' has no declared type
CParser.y:223.63-64: error: $1 of 'assignment_expression' has no declared type
CParser.y:223.67-68: error: $3 of 'assignment_expression' has no declared type
CParser.y:226.33-34: error: $$ of 'assignment_expression' has no declared type
CParser.y:226.63-64: error: $1 of 'assignment_expression' has no declared type
CParser.y:226.67-68: error: $3 of 'assignment_expression' has no declared type
CParser.y:229.33-34: error: $$ of 'assignment_expression' has no declared type
CParser.y:229.63-64: error: $1 of 'assignment_expression' has no declared type
CParser.y:229.67-68: error: $3 of 'assignment_expression' has no declared type
CParser.y:232.33-34: error: $$ of 'assignment_expression' has no declared type
CParser.y:232.63-64: error: $1 of 'assignment_expression' has no declared type
CParser.y:232.67-68: error: $3 of 'assignment_expression' has no declared type
CParser.y:235.33-34: error: $$ of 'assignment_expression' has no declared type
CParser.y:235.63-64: error: $1 of 'assignment_expression' has no declared type
CParser.y:235.67-68: error: $3 of 'assignment_expression' has no declared type
CParser.y:238.33-34: error: $$ of 'assignment_expression' has no declared type
CParser.y:238.63-64: error: $1 of 'assignment_expression' has no declared type
CParser.y:238.67-68: error: $3 of 'assignment_expression' has no declared type
CParser.y:241.33-34: error: $$ of 'assignment_expression' has no declared type
CParser.y:241.63-64: error: $1 of 'assignment_expression' has no declared type
CParser.y:241.67-68: error: $3 of 'assignment_expression' has no declared type
CParser.y:244.33-34: error: $$ of 'assignment_expression' has no declared type
CParser.y:244.63-64: error: $1 of 'assignment_expression' has no declared type
CParser.y:244.67-68: error: $3 of 'assignment_expression' has no declared type
CParser.y:247.33-34: error: $$ of 'assignment_expression' has no declared type
CParser.y:247.63-64: error: $1 of 'assignment_expression' has no declared type
CParser.y:247.67-68: error: $3 of 'assignment_expression' has no declared type
CParser.y:250.33-34: error: $$ of 'assignment_expression' has no declared type
CParser.y:250.63-64: error: $1 of 'assignment_expression' has no declared type
CParser.y:250.67-68: error: $3 of 'assignment_expression' has no declared type
CParser.y:288.24-25: error: $1 of 'variable_declaration' has no declared type
CParser.y:304.29-30: error: $2 of 'variable_declaration' has no declared type
CParser.y:312.17-18: error: $$ of 'init_declarator_list' has no declared type
CParser.y:313.17-18: error: $$ of 'init_declarator_list' has no declared type
CParser.y:313.30-31: error: $1 of 'init_declarator_list' has no declared type
CParser.y:316.17-18: error: $3 of 'init_declarator_list' has no declared type
CParser.y:316.30-31: error: $1 of 'init_declarator_list' has no declared type
CParser.y:317.17-18: error: $$ of 'init_declarator_list' has no declared type
CParser.y:317.22-23: error: $3 of 'init_declarator_list' has no declared type
CParser.y:323.17-18: error: $$ of 'init_declarator' has no declared type
CParser.y:323.22-23: error: $1 of 'init_declarator' has no declared type
CParser.y:324.17-18: error: $$ of 'init_declarator' has no declared type
CParser.y:324.35-36: error: $3 of 'init_declarator' has no declared type
CParser.y:336.13-14: error: $$ of 'pointer' has no declared type
CParser.y:337.25-26: error: $$ of 'pointer' has no declared type
CParser.y:337.30-31: error: $2 of 'pointer' has no declared type
CParser.y:342.17-18: error: $2 of 'declarator' has no declared type
CParser.y:342.31-32: error: $1 of 'declarator' has no declared type
CParser.y:348.17-18: error: $$ of 'direct_declarator' has no declared type
CParser.y:349.17-18: error: $$ of 'direct_declarator' has no declared type
CParser.y:349.35-36: error: $1 of 'direct_declarator' has no declared type
CParser.y:352.17-18: error: $1 of 'direct_declarator' has no declared type
CParser.y:352.37-38: error: $3 of 'direct_declarator' has no declared type
CParser.y:353.17-18: error: $$ of 'direct_declarator' has no declared type
CParser.y:353.22-23: error: $1 of 'direct_declarator' has no declared type
CParser.y:358.17-18: error: $$ of 'function_declarator' has no declared type
CParser.y:358.46-47: error: $1 of 'function_declarator' has no declared type
CParser.y:358.50-51: error: $3 of 'function_declarator' has no declared type
CParser.y:364.17-18: error: $$ of 'function_call' has no declared type
CParser.y:364.39-40: error: $1 of 'function_call' has no declared type
CParser.y:364.43-44: error: $3 of 'function_call' has no declared type
CParser.y:369.17-18: error: $$ of 'parameter_list' has no declared type
CParser.y:372.17-18: error: $$ of 'parameter_list' has no declared type
CParser.y:372.31-32: error: $1 of 'parameter_list' has no declared type
CParser.y:379.24-25: error: $1 of 'parameter_declaration' has no declared type
CParser.y:395.17-18: error: $2 of 'parameter_declaration' has no declared type
CParser.y:400.13-14: error: $$ of 'identifier_list' has no declared type
CParser.y:402.17-18: error: $$ of 'identifier_list' has no declared type
CParser.y:402.30-31: error: $3 of 'identifier_list' has no declared type
CParser.y:428.17-18: error: $$ of 'compound_statement' has no declared type
CParser.y:428.22-23: error: $2 of 'compound_statement' has no declared type
CParser.y:434.17-18: error: $$ of 'block_item_list' has no declared type
CParser.y:435.17-18: error: $$ of 'block_item_list' has no declared type
CParser.y:435.35-36: error: $1 of 'block_item_list' has no declared type
CParser.y:438.17-18: error: $$ of 'block_item_list' has no declared type
CParser.y:438.35-36: error: $1 of 'block_item_list' has no declared type
CParser.y:448.17-18: error: $$ of 'expression_statement' has no declared type
CParser.y:448.46-47: error: $1 of 'expression_statement' has no declared type
CParser.y:454.17-18: error: $$ of 'if_statement' has no declared type
CParser.y:454.38-39: error: $3 of 'if_statement' has no declared type
CParser.y:454.42-43: error: $5 of 'if_statement' has no declared type
CParser.y:457.17-18: error: $$ of 'if_statement' has no declared type
CParser.y:457.38-39: error: $3 of 'if_statement' has no declared type
CParser.y:457.42-43: error: $5 of 'if_statement' has no declared type
CParser.y:457.46-47: error: $7 of 'if_statement' has no declared type
CParser.y:463.17-18: error: $$ of 'while_statement' has no declared type
CParser.y:463.42-43: error: $3 of 'while_statement' has no declared type
CParser.y:463.46-47: error: $5 of 'while_statement' has no declared type
CParser.y:466.17-18: error: $$ of 'while_statement' has no declared type
CParser.y:466.42-43: error: $3 of 'while_statement' has no declared type
CParser.y:466.46-47: error: $5 of 'while_statement' has no declared type
CParser.y:479.17-18: error: $$ of 'jump_statement' has no declared type
CParser.y:480.17-18: error: $$ of 'jump_statement' has no declared type
CParser.y:483.17-18: error: $$ of 'jump_statement' has no declared type
CParser.y:484.17-18: error: $$ of 'jump_statement' has no declared type
CParser.y:490.17-18: error: $$ of 'return_statement' has no declared type
CParser.y:490.42-43: error: $2 of 'return_statement' has no declared type
CParser.y:496.17-18: error: $$ of 'translation_unit' has no declared type
CParser.y:499.17-18: error: $$ of 'translation_unit' has no declared type
CParser.y:499.51-52: error: $1 of 'translation_unit' has no declared type
CParser.y:505.17-18: error: $$ of 'external_declaration' has no declared type
CParser.y:505.95-96: error: $1 of 'external_declaration' has no declared type
CParser.y:508.17-18: error: $$ of 'external_declaration' has no declared type
CParser.y:508.95-96: error: $1 of 'external_declaration' has no declared type
CParser.y:514.17-18: error: $2 of 'function_definition' has no declared type
CParser.y:514.35-36: error: $1 of 'function_definition' has no declared type
CParser.y:515.17-18: error: $2 of 'function_definition' has no declared type
CParser.y:515.35-36: error: $3 of 'function_definition' has no declared type
